<?xml version="1.0" encoding="UTF-8"?>
<!-- Generated by org.testng.reporters.JUnitXMLReporter -->
<testsuite ignored="0" hostname="DESKTOP-NLEUQUR" failures="0" tests="3" name="Surefire test" time="2.421" errors="0" timestamp="2024-12-01T11:22:45 EST">
  <testcase classname="assignment4.ApiTest" name="testAllPosts" time="1.753"/>
  <testcase classname="assignment4.ApiTest" name="testGetRequest" time="0.12"/>
  <testcase classname="assignment4.ApiTest" name="testPostRequest" time="0.524"/>
</testsuite> <!-- Surefire test -->
