<?xml version="1.0" encoding="UTF-8"?>
<testng-results ignored="0" total="3" passed="3" failed="0" skipped="0">
  <reporter-output>
  </reporter-output>
  <suite started-at="2024-12-01T11:22:42 EST" name="Surefire suite" finished-at="2024-12-01T11:22:45 EST" duration-ms="2421">
    <groups>
    </groups>
    <test started-at="2024-12-01T11:22:42 EST" name="Surefire test" finished-at="2024-12-01T11:22:45 EST" duration-ms="2421">
      <class name="assignment4.ApiTest">
        <test-method signature="testAllPosts()[pri:0, instance:assignment4.ApiTest@5ea434c8]" started-at="2024-12-01T11:22:42 EST" name="testAllPosts" finished-at="2024-12-01T11:22:44 EST" duration-ms="1753" status="PASS">
          <reporter-output>
          </reporter-output>
        </test-method> <!-- testAllPosts -->
        <test-method signature="testGetRequest()[pri:0, instance:assignment4.ApiTest@5ea434c8]" started-at="2024-12-01T11:22:44 EST" name="testGetRequest" finished-at="2024-12-01T11:22:44 EST" duration-ms="120" status="PASS">
          <reporter-output>
          </reporter-output>
        </test-method> <!-- testGetRequest -->
        <test-method signature="testPostRequest()[pri:0, instance:assignment4.ApiTest@5ea434c8]" started-at="2024-12-01T11:22:44 EST" name="testPostRequest" finished-at="2024-12-01T11:22:45 EST" duration-ms="524" status="PASS">
          <reporter-output>
          </reporter-output>
        </test-method> <!-- testPostRequest -->
      </class> <!-- assignment4.ApiTest -->
    </test> <!-- Surefire test -->
  </suite> <!-- Surefire suite -->
</testng-results>
