<?xml version="1.0" encoding="UTF-8"?>
<testsuite xmlns:xsi="http://www.w3.org/2001/XMLSchema-instance" xsi:noNamespaceSchemaLocation="https://maven.apache.org/surefire/maven-surefire-plugin/xsd/surefire-test-report-3.0.xsd" version="3.0" name="assignment4.ApiTest" time="2.756" tests="3" errors="0" skipped="0" failures="0">
  <properties>
[...]
</properties>
  <testcase name="testAllPosts" classname="assignment4.ApiTest" time="1.753"/>
  <testcase name="testGetRequest" classname="assignment4.ApiTest" time="0.076"/>
  <testcase name="testPostRequest" classname="assignment4.ApiTest" time="0.525">
    <system-out><![CDATA[Created Post ID: 101
Warning: The post was not found. This is likely due to a mock API limitation.
]]></system-out>
  </testcase>
</testsuite>